<?xml version="1.0" encoding="UTF-8"?>
<testng-results ignored="0" total="1" passed="1" failed="0" skipped="0">
  <reporter-output>
  </reporter-output>
  <suite started-at="2020-01-19T05:10:54Z" name="Default suite" finished-at="2020-01-19T05:11:01Z" duration-ms="6750">
    <groups>
    </groups>
    <test started-at="2020-01-19T05:10:54Z" name="Default test" finished-at="2020-01-19T05:11:01Z" duration-ms="6750">
      <class name="RestAssuredTest.CheckStatus">
        <test-method signature="checkstatus()[pri:0, instance:RestAssuredTest.CheckStatus@5762806e]" started-at="2020-01-18T21:10:54Z" name="checkstatus" finished-at="2020-01-18T21:11:01Z" duration-ms="6706" status="PASS">
          <reporter-output>
          </reporter-output>
        </test-method> <!-- checkstatus -->
      </class> <!-- RestAssuredTest.CheckStatus -->
    </test> <!-- Default test -->
  </suite> <!-- Default suite -->
</testng-results>
